sample/app/build/intermediates/manifest_merge_blame_file/debug/manifest-merger-blame-debug-report.txt
1<?xml version="1.0" encoding="utf-8"?>
2<!--
3  Copyright 2012 Google Inc. All Rights Reserved.
4
5  Licensed under the Apache License, Version 2.0 (the "License");
6  you may not use this file except in compliance with the License.
7  You may obtain a copy of the License at
8
9       http://www.apache.org/licenses/LICENSE-2.0
10
11  Unless required by applicable law or agreed to in writing, software
12  distributed under the License is distributed on an "AS IS" BASIS,
13  WITHOUT WARRANTIES OR CONDITIONS OF ANY KIND, either express or implied.
14  See the License for the specific language governing permissions and
15  limitations under the License.
16-->
17<manifest xmlns:android="http://schemas.android.com/apk/res/android"
18    package="com.examples.youtubeapidemo"
19    android:versionCode="1"
20    android:versionName="1.0" >
21
22    <uses-sdk
22-->src/main/AndroidManifest.xml:22:3-44
23        android:minSdkVersion="8"
23-->src/main/AndroidManifest.xml:22:3-44
24        android:targetSdkVersion="16" />
24-->src/main/AndroidManifest.xml:22:13-42
25
26    <uses-permission android:name="android.permission.INTERNET" />
26-->src/main/AndroidManifest.xml:24:3-64
26-->src/main/AndroidManifest.xml:24:20-62
27
28    <application
28-->src/main/AndroidManifest.xml:26:3-116:17
29        android:debuggable="true"
30        android:label="@string/youtube_api_demo"
30-->src/main/AndroidManifest.xml:26:16-56
31        android:testOnly="true" >
32        <activity
32-->src/main/AndroidManifest.xml:28:5-36:16
33            android:name="com.examples.youtubeapidemo.YouTubeAPIDemoActivity"
33-->src/main/AndroidManifest.xml:30:9-47
34            android:label="@string/youtube_api_demo" >
34-->src/main/AndroidManifest.xml:29:9-49
35            <intent-filter>
35-->src/main/AndroidManifest.xml:31:7-34:23
36                <action android:name="android.intent.action.MAIN" />
36-->src/main/AndroidManifest.xml:32:9-61
36-->src/main/AndroidManifest.xml:32:17-58
37
38                <category android:name="android.intent.category.LAUNCHER" />
38-->src/main/AndroidManifest.xml:33:9-69
38-->src/main/AndroidManifest.xml:33:19-66
39            </intent-filter>
40
41            <meta-data
41-->src/main/AndroidManifest.xml:35:7-85
42                android:name="@string/isLaunchableActivity"
42-->src/main/AndroidManifest.xml:35:18-61
43                android:value="false" />
43-->src/main/AndroidManifest.xml:35:62-83
44        </activity>
45        <activity
45-->src/main/AndroidManifest.xml:38:5-46:16
46            android:name="com.examples.youtubeapidemo.VideoWallDemoActivity"
46-->src/main/AndroidManifest.xml:40:9-46
47            android:configChanges="orientation|screenSize|keyboardHidden"
47-->src/main/AndroidManifest.xml:43:9-70
48            android:label="@string/videowall_demo_name"
48-->src/main/AndroidManifest.xml:39:9-52
49            android:screenOrientation="landscape"
49-->src/main/AndroidManifest.xml:41:9-46
50            android:theme="@style/BlackNoBarsTheme" >
50-->src/main/AndroidManifest.xml:42:9-48
51            <meta-data
51-->src/main/AndroidManifest.xml:44:7-72
52                android:name="@string/minVersion"
52-->src/main/AndroidManifest.xml:44:18-51
53                android:value="11" />
53-->src/main/AndroidManifest.xml:44:52-70
54            <meta-data
54-->src/main/AndroidManifest.xml:35:7-85
55                android:name="@string/isLaunchableActivity"
55-->src/main/AndroidManifest.xml:35:18-61
56                android:value="true" />
56-->src/main/AndroidManifest.xml:35:62-83
57        </activity>
58        <activity
58-->src/main/AndroidManifest.xml:48:5-54:16
59            android:name="com.examples.youtubeapidemo.VideoListDemoActivity"
59-->src/main/AndroidManifest.xml:50:9-46
60            android:configChanges="orientation|keyboardHidden|screenSize"
60-->src/main/AndroidManifest.xml:51:9-70
61            android:label="@string/videolist_demo_name" >
61-->src/main/AndroidManifest.xml:49:9-52
62            <meta-data
62-->src/main/AndroidManifest.xml:44:7-72
63                android:name="@string/minVersion"
63-->src/main/AndroidManifest.xml:44:18-51
64                android:value="13" />
64-->src/main/AndroidManifest.xml:44:52-70
65            <meta-data
65-->src/main/AndroidManifest.xml:35:7-85
66                android:name="@string/isLaunchableActivity"
66-->src/main/AndroidManifest.xml:35:18-61
67                android:value="true" />
67-->src/main/AndroidManifest.xml:35:62-83
68        </activity>
69        <activity
69-->src/main/AndroidManifest.xml:56:5-63:16
70            android:name="com.examples.youtubeapidemo.PlayerViewDemoActivity"
70-->src/main/AndroidManifest.xml:58:9-47
71            android:configChanges="orientation|screenSize|keyboardHidden"
71-->src/main/AndroidManifest.xml:60:9-70
72            android:label="@string/playerview_demo_name"
72-->src/main/AndroidManifest.xml:57:9-53
73            android:screenOrientation="nosensor" >
73-->src/main/AndroidManifest.xml:59:9-45
74            <meta-data
74-->src/main/AndroidManifest.xml:44:7-72
75                android:name="@string/minVersion"
75-->src/main/AndroidManifest.xml:44:18-51
76                android:value="8" />
76-->src/main/AndroidManifest.xml:44:52-70
77            <meta-data
77-->src/main/AndroidManifest.xml:35:7-85
78                android:name="@string/isLaunchableActivity"
78-->src/main/AndroidManifest.xml:35:18-61
79                android:value="true" />
79-->src/main/AndroidManifest.xml:35:62-83
80        </activity>
81        <activity
81-->src/main/AndroidManifest.xml:65:5-72:16
82            android:name="com.examples.youtubeapidemo.FragmentDemoActivity"
82-->src/main/AndroidManifest.xml:67:9-45
83            android:configChanges="orientation|screenSize|keyboardHidden"
83-->src/main/AndroidManifest.xml:69:9-70
84            android:label="@string/fragment_demo_name"
84-->src/main/AndroidManifest.xml:66:9-51
85            android:screenOrientation="nosensor" >
85-->src/main/AndroidManifest.xml:68:9-45
86            <meta-data
86-->src/main/AndroidManifest.xml:44:7-72
87                android:name="@string/minVersion"
87-->src/main/AndroidManifest.xml:44:18-51
88                android:value="11" />
88-->src/main/AndroidManifest.xml:44:52-70
89            <meta-data
89-->src/main/AndroidManifest.xml:35:7-85
90                android:name="@string/isLaunchableActivity"
90-->src/main/AndroidManifest.xml:35:18-61
91                android:value="true" />
91-->src/main/AndroidManifest.xml:35:62-83
92        </activity>
93        <activity
93-->src/main/AndroidManifest.xml:74:5-80:16
94            android:name="com.examples.youtubeapidemo.PlayerControlsDemoActivity"
94-->src/main/AndroidManifest.xml:76:9-51
95            android:label="@string/player_controls_demo_name"
95-->src/main/AndroidManifest.xml:75:9-58
96            android:windowSoftInputMode="stateHidden" >
96-->src/main/AndroidManifest.xml:77:9-50
97            <meta-data
97-->src/main/AndroidManifest.xml:44:7-72
98                android:name="@string/minVersion"
98-->src/main/AndroidManifest.xml:44:18-51
99                android:value="8" />
99-->src/main/AndroidManifest.xml:44:52-70
100            <meta-data
100-->src/main/AndroidManifest.xml:35:7-85
101                android:name="@string/isLaunchableActivity"
101-->src/main/AndroidManifest.xml:35:18-61
102                android:value="true" />
102-->src/main/AndroidManifest.xml:35:62-83
103        </activity>
104        <activity
104-->src/main/AndroidManifest.xml:82:5-90:16
105            android:name="com.examples.youtubeapidemo.FullscreenDemoActivity"
105-->src/main/AndroidManifest.xml:84:9-47
106            android:configChanges="keyboardHidden|orientation|screenSize"
106-->src/main/AndroidManifest.xml:86:9-70
107            android:label="@string/fullscreen_demo_name"
107-->src/main/AndroidManifest.xml:83:9-53
108            android:screenOrientation="sensor"
108-->src/main/AndroidManifest.xml:85:9-43
109            android:theme="@style/BlackNoTitleBarTheme" >
109-->src/main/AndroidManifest.xml:87:9-52
110            <meta-data
110-->src/main/AndroidManifest.xml:44:7-72
111                android:name="@string/minVersion"
111-->src/main/AndroidManifest.xml:44:18-51
112                android:value="8" />
112-->src/main/AndroidManifest.xml:44:52-70
113            <meta-data
113-->src/main/AndroidManifest.xml:35:7-85
114                android:name="@string/isLaunchableActivity"
114-->src/main/AndroidManifest.xml:35:18-61
115                android:value="true" />
115-->src/main/AndroidManifest.xml:35:62-83
116        </activity>
117        <activity
117-->src/main/AndroidManifest.xml:92:5-100:16
118            android:name="com.examples.youtubeapidemo.ActionBarDemoActivity"
118-->src/main/AndroidManifest.xml:94:9-46
119            android:configChanges="keyboardHidden|orientation|screenSize"
119-->src/main/AndroidManifest.xml:95:9-70
120            android:label="@string/action_bar_demo_name"
120-->src/main/AndroidManifest.xml:93:9-53
121            android:screenOrientation="sensorLandscape"
121-->src/main/AndroidManifest.xml:97:9-52
122            android:theme="@style/OverlayActionBarTheme" >
122-->src/main/AndroidManifest.xml:96:9-53
123            <meta-data
123-->src/main/AndroidManifest.xml:44:7-72
124                android:name="@string/minVersion"
124-->src/main/AndroidManifest.xml:44:18-51
125                android:value="11" />
125-->src/main/AndroidManifest.xml:44:52-70
126            <meta-data
126-->src/main/AndroidManifest.xml:35:7-85
127                android:name="@string/isLaunchableActivity"
127-->src/main/AndroidManifest.xml:35:18-61
128                android:value="true" />
128-->src/main/AndroidManifest.xml:35:62-83
129        </activity>
130        <activity
130-->src/main/AndroidManifest.xml:102:5-107:16
131            android:name="com.examples.youtubeapidemo.StandalonePlayerDemoActivity"
131-->src/main/AndroidManifest.xml:104:9-53
132            android:label="@string/standalone_player_demo_name" >
132-->src/main/AndroidManifest.xml:103:9-60
133            <meta-data
133-->src/main/AndroidManifest.xml:44:7-72
134                android:name="@string/minVersion"
134-->src/main/AndroidManifest.xml:44:18-51
135                android:value="8" />
135-->src/main/AndroidManifest.xml:44:52-70
136            <meta-data
136-->src/main/AndroidManifest.xml:35:7-85
137                android:name="@string/isLaunchableActivity"
137-->src/main/AndroidManifest.xml:35:18-61
138                android:value="true" />
138-->src/main/AndroidManifest.xml:35:62-83
139        </activity>
140        <activity
140-->src/main/AndroidManifest.xml:109:5-114:16
141            android:name="com.examples.youtubeapidemo.IntentsDemoActivity"
141-->src/main/AndroidManifest.xml:111:9-44
142            android:label="@string/intents_demo_name" >
142-->src/main/AndroidManifest.xml:110:9-50
143            <meta-data
143-->src/main/AndroidManifest.xml:44:7-72
144                android:name="@string/minVersion"
144-->src/main/AndroidManifest.xml:44:18-51
145                android:value="8" />
145-->src/main/AndroidManifest.xml:44:52-70
146            <meta-data
146-->src/main/AndroidManifest.xml:35:7-85
147                android:name="@string/isLaunchableActivity"
147-->src/main/AndroidManifest.xml:35:18-61
148                android:value="true" />
148-->src/main/AndroidManifest.xml:35:62-83
149        </activity>
150    </application>
151
152</manifest>